{
  "stats": {
    "suites": 1,
    "tests": 1,
    "passes": 1,
    "pending": 0,
    "failures": 0,
    "start": "2021-05-31T23:21:46.751Z",
    "end": "2021-05-31T23:22:07.752Z",
    "duration": 21001,
    "testsRegistered": 1,
    "passPercent": 100,
    "pendingPercent": 0,
    "other": 0,
    "hasOther": false,
    "skipped": 0,
    "hasSkipped": false
  },
  "results": [
    {
      "uuid": "57417352-acca-404d-9de5-af96c3cc58da",
      "title": "",
      "fullFile": "cypress/integration/Unidades_de_Negocio.feature",
      "file": "cypress/integration/Unidades_de_Negocio.feature",
      "beforeHooks": [],
      "afterHooks": [],
      "tests": [],
      "suites": [
        {
          "uuid": "03e560f3-9198-4e10-bac1-3b2008b08f13",
          "title": "Valida apresentacao unidade de negocio",
          "fullFile": "",
          "file": "",
          "beforeHooks": [],
          "afterHooks": [],
          "tests": [
            {
              "title": "Visualizar a unidade de negocio Vila Mariana",
              "fullTitle": "Valida apresentacao unidade de negocio Visualizar a unidade de negocio Vila Mariana",
              "timedOut": null,
              "duration": 19918,
              "state": "passed",
              "speed": "slow",
              "pass": true,
              "fail": false,
              "pending": false,
              "context": null,
              "code": "const state = window.testState;\nreturn cy\n  .then(() => state.onStartScenario(scenario, indexedSteps))\n  .then(() =>\n    resolveAndRunBeforeHooks.call(this, scenario.tags, state.feature.name)\n  )\n  .then(() =>\n    indexedSteps.forEach((step) =>\n      stepTest.call(this, state, step, rowData)\n    )\n  )\n  .then(() => state.onFinishScenario(scenario));",
              "err": {},
              "uuid": "2d8d2fdd-d9da-404b-86fe-f7579c078619",
              "parentUUID": "03e560f3-9198-4e10-bac1-3b2008b08f13",
              "isHook": false,
              "skipped": false
            }
          ],
          "suites": [],
          "passes": [
            "2d8d2fdd-d9da-404b-86fe-f7579c078619"
          ],
          "failures": [],
          "pending": [],
          "skipped": [],
          "duration": 19918,
          "root": false,
          "rootEmpty": false,
          "_timeout": 2000
        }
      ],
      "passes": [],
      "failures": [],
      "pending": [],
      "skipped": [],
      "duration": 0,
      "root": true,
      "rootEmpty": true,
      "_timeout": 2000
    }
  ],
  "meta": {
    "mocha": {
      "version": "7.0.1"
    },
    "mochawesome": {
      "options": {
        "quiet": false,
        "reportFilename": "mochawesome",
        "saveHtml": true,
        "saveJson": true,
        "consoleReporter": "spec",
        "useInlineDiffs": false,
        "code": true
      },
      "version": "6.2.2"
    },
    "marge": {
      "options": null,
      "version": "5.2.0"
    }
  }
}